2020-11-06 13:22:51,462 INFO o.a.j.u.JMeterUtils: Setting Locale to en_EN
2020-11-06 13:22:51,557 INFO o.a.j.JMeter: Loading user properties from: C:\JMeter\apache-jmeter-5.2.1\bin\user.properties
2020-11-06 13:22:51,578 INFO o.a.j.JMeter: Loading system properties from: C:\JMeter\apache-jmeter-5.2.1\bin\system.properties
2020-11-06 13:22:51,586 INFO o.a.j.JMeter: Copyright (c) 1998-2019 The Apache Software Foundation
2020-11-06 13:22:51,586 INFO o.a.j.JMeter: Version 5.2.1
2020-11-06 13:22:51,586 INFO o.a.j.JMeter: java.version=1.8.0_231
2020-11-06 13:22:51,586 INFO o.a.j.JMeter: java.vm.name=Java HotSpot(TM) Client VM
2020-11-06 13:22:51,587 INFO o.a.j.JMeter: os.name=Windows 10
2020-11-06 13:22:51,587 INFO o.a.j.JMeter: os.arch=x86
2020-11-06 13:22:51,587 INFO o.a.j.JMeter: os.version=10.0
2020-11-06 13:22:51,587 INFO o.a.j.JMeter: file.encoding=Cp1252
2020-11-06 13:22:51,587 INFO o.a.j.JMeter: java.awt.headless=null
2020-11-06 13:22:51,587 INFO o.a.j.JMeter: Max memory     =1073741824
2020-11-06 13:22:51,588 INFO o.a.j.JMeter: Available Processors =4
2020-11-06 13:22:51,628 INFO o.a.j.JMeter: Default Locale=English (EN)
2020-11-06 13:22:51,628 INFO o.a.j.JMeter: JMeter  Locale=English (EN)
2020-11-06 13:22:51,628 INFO o.a.j.JMeter: JMeterHome=C:\JMeter\apache-jmeter-5.2.1
2020-11-06 13:22:51,629 INFO o.a.j.JMeter: user.dir  =C:\Users\jkulp\source\repos\joshiki
2020-11-06 13:22:51,629 INFO o.a.j.JMeter: PWD       =C:\Users\jkulp\source\repos\joshiki
2020-11-06 13:22:51,631 INFO o.a.j.JMeter: IP: 10.0.0.4 Name: VM-jkulp FullName: host.docker.internal
2020-11-06 13:22:52,911 INFO o.a.j.g.a.LookAndFeelCommand: Installing Darcula LAF
2020-11-06 13:22:53,010 INFO o.a.j.g.a.LookAndFeelCommand: Using look and feel: javax.swing.plaf.metal.MetalLookAndFeel [Darcula]
2020-11-06 13:22:53,010 INFO o.a.j.JMeter: Setting LAF to: javax.swing.plaf.metal.MetalLookAndFeel
2020-11-06 13:22:53,010 INFO o.a.j.JMeter: Loaded icon properties from org/apache/jmeter/images/icon.properties
2020-11-06 13:23:00,994 WARN o.j.r.PluginManager: Found JAR conflict: C:\JMeter\apache-jmeter-5.2.1\lib\ext\commons-pool-1.6.jar and C:\JMeter\apache-jmeter-5.2.1\lib\commons-pool-1.6.jar
2020-11-06 13:23:01,197 INFO o.j.r.JARSourceHTTP: Requesting https://jmeter-plugins.org/repo/?installID=windows_10-3493ba25632d5451cd4ac38229f3d1bf-gui
2020-11-06 13:23:03,150 INFO o.j.r.PluginManager: Plugins Status: [jpgc-graphs-basic=2.0, jpgc-graphs-additional=2.0, jpgc-autostop=0.1, jpgc-functions=2.1, jpgc-casutg=2.9, jpgc-dummy=0.4, jpgc-ffw=2.0, jpgc-fifo=0.2, jpgc-perfmon=2.1, jpgc-plugins-manager=1.4, jpgc-redis=0.3, jpgc-webdriver=3.3, jpgc-tst=2.5, jmeter-core=5.2.1, jmeter-ftp=5.2.1, jmeter-http=5.2.1, jmeter-jdbc=5.2.1, jmeter-jms=5.2.1, jmeter-junit=5.2.1, jmeter-java=5.2.1, jmeter-ldap=5.2.1, jmeter-mail=5.2.1, jmeter-mongodb=5.2.1, jmeter-native=5.2.1, jmeter-tcp=5.2.1, jmeter-components=5.2.1, jpgc-standard=2.0]
2020-11-06 13:23:05,156 INFO o.a.j.p.h.s.HTTPSamplerBase: Parser for text/html is org.apache.jmeter.protocol.http.parser.LagartoBasedHtmlParser
2020-11-06 13:23:05,159 INFO o.a.j.p.h.s.HTTPSamplerBase: Parser for application/xhtml+xml is org.apache.jmeter.protocol.http.parser.LagartoBasedHtmlParser
2020-11-06 13:23:05,159 INFO o.a.j.p.h.s.HTTPSamplerBase: Parser for application/xml is org.apache.jmeter.protocol.http.parser.LagartoBasedHtmlParser
2020-11-06 13:23:05,159 INFO o.a.j.p.h.s.HTTPSamplerBase: Parser for text/xml is org.apache.jmeter.protocol.http.parser.LagartoBasedHtmlParser
2020-11-06 13:23:05,159 INFO o.a.j.p.h.s.HTTPSamplerBase: Parser for text/vnd.wap.wml is org.apache.jmeter.protocol.http.parser.RegexpHTMLParser
2020-11-06 13:23:05,159 INFO o.a.j.p.h.s.HTTPSamplerBase: Parser for text/css is org.apache.jmeter.protocol.http.parser.CssParser
2020-11-06 13:23:05,516 INFO o.a.j.e.KeyToolUtils: Exception checking for keytool existence, will return false, try another way.
2020-11-06 13:23:06,619 INFO o.a.j.e.KeyToolUtils: keytool found at 'C:\Program Files (x86)\Java\jre1.8.0_231\bin\keytool'
2020-11-06 13:23:06,619 INFO o.a.j.p.h.p.ProxyControl: HTTP(S) Test Script Recorder SSL Proxy will use keys that support embedded 3rd party resources in file C:\JMeter\apache-jmeter-5.2.1\bin\proxyserver.jks
2020-11-06 13:23:07,166 INFO o.a.j.s.FileServer: Default base='C:\Users\jkulp\source\repos\joshiki'
2020-11-06 13:23:08,463 INFO o.a.j.s.SampleResult: Note: Sample TimeStamps are START times
2020-11-06 13:23:08,463 INFO o.a.j.s.SampleResult: sampleresult.default.encoding is set to ISO-8859-1
2020-11-06 13:23:08,463 INFO o.a.j.s.SampleResult: sampleresult.useNanoTime=true
2020-11-06 13:23:08,463 INFO o.a.j.s.SampleResult: sampleresult.nanoThreadSleep=5000
2020-11-06 13:23:26,572 INFO o.a.j.g.a.Load: Loading file: C:\Users\jkulp\source\repos\joshiki\JMeter\ELR File Upload.jmx
2020-11-06 13:23:26,572 INFO o.a.j.s.FileServer: Set new base='C:\Users\jkulp\source\repos\joshiki\JMeter'
2020-11-06 13:23:26,853 INFO o.a.j.s.SaveService: Testplan (JMX) version: 2.2. Testlog (JTL) version: 2.2
2020-11-06 13:23:26,869 INFO o.a.j.s.SaveService: Using SaveService properties file encoding UTF-8
2020-11-06 13:23:26,869 INFO o.a.j.s.SaveService: Using SaveService properties version 5.0
2020-11-06 13:23:26,884 INFO o.a.j.s.SaveService: Loading file: C:\Users\jkulp\source\repos\joshiki\JMeter\ELR File Upload.jmx
2020-11-06 13:23:27,166 INFO o.a.j.p.h.c.CookieManager: Settings: Delete null: true Check: true Allow variable: true Save: false Prefix: COOKIE_
2020-11-06 13:23:27,588 INFO o.a.j.s.FileServer: Set new base='C:\Users\jkulp\source\repos\joshiki\JMeter'
2020-11-06 13:26:00,963 INFO o.a.j.e.StandardJMeterEngine: Running the test!
2020-11-06 13:26:00,963 INFO o.a.j.s.SampleEvent: List of sample_variables: []
2020-11-06 13:26:00,963 INFO o.a.j.s.SampleEvent: List of sample_variables: []
2020-11-06 13:26:00,963 INFO o.a.j.e.u.CompoundVariable: Note: Function class names must contain the string: '.functions.'
2020-11-06 13:26:00,963 INFO o.a.j.e.u.CompoundVariable: Note: Function class names must not contain the string: '.gui.'
2020-11-06 13:26:01,556 INFO o.a.j.g.u.JMeterMenuBar: setRunning(true, *local*)
2020-11-06 13:26:01,791 INFO o.a.j.e.StandardJMeterEngine: Starting ThreadGroup: 1 : JJ ELR File Upload
2020-11-06 13:26:01,791 INFO o.a.j.e.StandardJMeterEngine: Starting 3 threads for group JJ ELR File Upload.
2020-11-06 13:26:01,791 INFO o.a.j.e.StandardJMeterEngine: Thread will continue on error
2020-11-06 13:26:01,791 INFO o.a.j.t.ThreadGroup: Starting thread group... number=1 threads=3 ramp-up=10 delayedStart=false
2020-11-06 13:26:01,806 INFO o.a.j.t.ThreadGroup: Started thread group number 1
2020-11-06 13:26:01,806 INFO o.a.j.e.StandardJMeterEngine: All thread groups have been started
2020-11-06 13:26:01,806 INFO o.a.j.t.JMeterThread: Thread started: JJ ELR File Upload 1-1
2020-11-06 13:26:01,806 INFO o.a.j.s.FileServer: Stored: /TestFiles/ELRFileUploadUsers.csv Alias: /TestFiles/ELRFileUploadUsers.csv@10337677
2020-11-06 13:26:01,822 INFO o.a.j.p.h.s.HTTPHCAbstractImpl: Local host = VM-jkulp
2020-11-06 13:26:01,838 INFO o.a.j.p.h.s.HTTPHC4Impl: HTTP request retry count = 0
2020-11-06 13:26:01,963 INFO o.a.j.p.h.s.h.LazyLayeredConnectionSocketFactory: Setting up HTTPS TrustAll Socket Factory
2020-11-06 13:26:01,978 INFO o.a.j.u.JsseSSLManager: Using default SSL protocol: TLS
2020-11-06 13:26:01,978 INFO o.a.j.u.JsseSSLManager: SSL session context: per-thread
2020-11-06 13:26:01,978 INFO o.a.j.u.SSLManager: JmeterKeyStore Location:  type JKS
2020-11-06 13:26:01,978 INFO o.a.j.u.SSLManager: KeyStore created OK
2020-11-06 13:26:01,978 WARN o.a.j.u.SSLManager: Keystore file not found, loading empty keystore
2020-11-06 13:26:05,141 INFO o.a.j.t.JMeterThread: Thread started: JJ ELR File Upload 1-2
2020-11-06 13:26:07,135 INFO o.a.j.p.h.p.BaseParser: Created org.apache.jmeter.protocol.http.parser.LagartoBasedHtmlParser
2020-11-06 13:26:07,666 INFO o.a.j.p.h.p.BaseParser: Created org.apache.jmeter.protocol.http.parser.CssParser
2020-11-06 13:26:08,318 WARN c.h.c.r.e.LoggingCSSParseErrorHandler: Browser compliant mode skipped CSS from [24:94355] starting at token 'margin-' until [24:94375] to token '}' (based on com.helger.css.parser.ParseException: Encountered unexpected token: "\"left\"" <STRING1>
    at line 24, column 94362.

Was expecting one of:

    ":"
    <S>
)
2020-11-06 13:26:08,458 INFO o.a.j.t.JMeterThread: Thread started: JJ ELR File Upload 1-3
2020-11-06 13:26:09,916 INFO o.a.j.s.FileServer: Stored: /TestFiles/XeniaHealthandRehab_20201023.csv
2020-11-06 13:27:36,479 INFO o.a.j.g.a.Start: Stopping test
2020-11-06 13:27:36,494 INFO o.a.j.t.JMeterThread: Stopping: JJ ELR File Upload 1-3
2020-11-06 13:27:36,494 WARN o.a.j.t.JMeterThread: Interrupting: JJ ELR File Upload 1-3 sampler: /FileUpload/SaveCreate
2020-11-06 13:27:36,510 INFO o.a.j.t.JMeterThread: Stopping: JJ ELR File Upload 1-1
2020-11-06 13:27:36,510 WARN o.a.j.t.JMeterThread: Interrupting: JJ ELR File Upload 1-1 sampler: /FileUpload/SaveCreate
2020-11-06 13:27:36,510 INFO o.a.j.t.JMeterThread: Thread finished: JJ ELR File Upload 1-3
2020-11-06 13:27:36,510 INFO o.a.j.t.JMeterThread: Thread finished: JJ ELR File Upload 1-1
2020-11-06 13:27:36,510 INFO o.a.j.t.JMeterThread: Stopping: JJ ELR File Upload 1-2
2020-11-06 13:27:36,510 WARN o.a.j.t.JMeterThread: Interrupting: JJ ELR File Upload 1-2 sampler: /FileUpload/SaveCreate
2020-11-06 13:27:36,525 INFO o.a.j.t.JMeterThread: Thread finished: JJ ELR File Upload 1-2
2020-11-06 13:27:36,525 INFO o.a.j.e.StandardJMeterEngine: Notifying test listeners of end of test
2020-11-06 13:27:36,525 INFO o.a.j.s.FileServer: Close: /TestFiles/ELRFileUploadUsers.csv@10337677
2020-11-06 13:27:36,525 INFO o.a.j.g.u.JMeterMenuBar: setRunning(false, *local*)
2020-11-06 13:27:40,244 INFO o.a.j.e.StandardJMeterEngine: Running the test!
2020-11-06 13:27:40,244 INFO o.a.j.s.SampleEvent: List of sample_variables: []
2020-11-06 13:27:40,260 INFO o.a.j.g.u.JMeterMenuBar: setRunning(true, *local*)
2020-11-06 13:27:40,525 INFO o.a.j.e.StandardJMeterEngine: Starting ThreadGroup: 1 : JJ ELR File Upload
2020-11-06 13:27:40,525 INFO o.a.j.e.StandardJMeterEngine: Starting 3 threads for group JJ ELR File Upload.
2020-11-06 13:27:40,525 INFO o.a.j.e.StandardJMeterEngine: Thread will continue on error
2020-11-06 13:27:40,525 INFO o.a.j.t.ThreadGroup: Starting thread group... number=1 threads=3 ramp-up=10 delayedStart=false
2020-11-06 13:27:40,525 INFO o.a.j.t.JMeterThread: Thread started: JJ ELR File Upload 1-1
2020-11-06 13:27:40,525 INFO o.a.j.s.FileServer: Stored: /TestFiles/ELRFileUploadUsers.csv Alias: /TestFiles/ELRFileUploadUsers.csv@5056265
2020-11-06 13:27:40,525 INFO o.a.j.t.ThreadGroup: Started thread group number 1
2020-11-06 13:27:40,541 INFO o.a.j.e.StandardJMeterEngine: All thread groups have been started
2020-11-06 13:27:43,862 INFO o.a.j.t.JMeterThread: Thread started: JJ ELR File Upload 1-2
2020-11-06 13:27:47,207 INFO o.a.j.t.JMeterThread: Thread started: JJ ELR File Upload 1-3
2020-11-06 13:27:54,745 INFO o.a.j.s.FileServer: Stored: /TestFiles/XeniaHealthandRehab_20201023.csv
2020-11-06 13:33:06,604 INFO o.a.j.g.a.Start: Stopping test
2020-11-06 13:33:06,624 INFO o.a.j.t.JMeterThread: Stopping: JJ ELR File Upload 1-1
2020-11-06 13:33:06,625 WARN o.a.j.t.JMeterThread: Interrupting: JJ ELR File Upload 1-1 sampler: /FileUpload/SaveCreate
2020-11-06 13:33:06,630 INFO o.a.j.t.JMeterThread: Stopping: JJ ELR File Upload 1-3
2020-11-06 13:33:06,630 WARN o.a.j.t.JMeterThread: Interrupting: JJ ELR File Upload 1-3 sampler: Elrfileupload - Home
2020-11-06 13:33:06,633 INFO o.a.j.t.JMeterThread: Stopping: JJ ELR File Upload 1-2
2020-11-06 13:33:06,633 INFO o.a.j.t.JMeterThread: Thread finished: JJ ELR File Upload 1-1
2020-11-06 13:33:06,633 WARN o.a.j.t.JMeterThread: Interrupting: JJ ELR File Upload 1-2 sampler: OHID Login
2020-11-06 13:33:06,633 INFO o.a.j.t.JMeterThread: Thread finished: JJ ELR File Upload 1-3
2020-11-06 13:33:06,635 INFO o.a.j.t.JMeterThread: Thread finished: JJ ELR File Upload 1-2
2020-11-06 13:33:06,635 INFO o.a.j.e.StandardJMeterEngine: Notifying test listeners of end of test
2020-11-06 13:33:06,635 INFO o.a.j.s.FileServer: Close: /TestFiles/ELRFileUploadUsers.csv@5056265
2020-11-06 13:33:06,635 INFO o.a.j.g.u.JMeterMenuBar: setRunning(false, *local*)
